<?xml version="1.0" encoding="UTF-8"?>
<!-- Generated by org.testng.reporters.JUnitReportReporter -->
<testsuite hostname="DESKTOP-S2G1ODM" failures="0" tests="1" name="runner.TestRunner" time="5.726" errors="0" timestamp="2023-02-17T18:36:09 CET" skipped="0">
  <testcase classname="runner.TestRunner" name="runScenario" time="5.726"/>
  <system-out/>
</testsuite> <!-- runner.TestRunner -->
